[{"line":1,"elements":[{"start_timestamp":"2024-06-03T03:28:40.580Z","before":[{"result":{"duration":3499118700,"status":"passed"},"match":{"location":"stepDef.Hooks.beforeTest()"}}],"line":4,"name":"User can get in API","description":"","id":"testing-api-dummyapi-io;user-can-get-in-api","after":[{"result":{"duration":2121841000,"status":"passed"},"match":{"location":"stepDef.Hooks.afterTest()"}}],"type":"scenario","keyword":"Scenario","steps":[{"result":{"duration":4006000,"status":"passed"},"line":5,"name":"Prepare URL valid for \"GET_USER\"","match":{"arguments":[{"val":"\"GET_USER\"","offset":22}],"location":"stepDef.ApiStep.prepareURLValidFor(java.lang.String)"},"keyword":"Given "},{"result":{"duration":3460931400,"status":"passed"},"line":6,"name":"Hit API get list data","match":{"location":"stepDef.ApiStep.hitAPIGetListData()"},"keyword":"And "},{"result":{"duration":138916700,"status":"passed"},"line":7,"name":"Validation status code is equals 200","match":{"arguments":[{"val":"200","offset":33}],"location":"stepDef.ApiStep.validationStatusCodeIsEquals(int)"},"keyword":"Then "},{"result":{"duration":1394297400,"status":"passed"},"line":8,"name":"Validation response body get list user","match":{"location":"stepDef.ApiStep.validationResponseBodyGetListUser()"},"keyword":"Then "},{"result":{"duration":831835300,"status":"passed"},"line":9,"name":"Validation response json whit JSONSchema \"get_list_user.json\"","match":{"arguments":[{"val":"\"get_list_user.json\"","offset":41}],"location":"stepDef.ApiStep.validationResponseJsonWhitJSONSchema(java.lang.String)"},"keyword":"Then "}],"tags":[{"name":"@api"}]}],"name":"Testing API DUMMYAPI IO","description":"","id":"testing-api-dummyapi-io","keyword":"Feature","uri":"file:src/test/java/features/api.feature","tags":[]},{"line":1,"elements":[{"start_timestamp":"2024-06-03T03:28:52.181Z","before":[{"result":{"duration":2580004500,"status":"passed"},"match":{"location":"stepDef.Hooks.beforeTest()"}}],"line":4,"name":"Test Home  PRODUCT STORE","description":"","id":"final-project-web-testing-https://www.demoblaze.com/;test-home--product-store","after":[{"result":{"duration":2132175100,"status":"passed"},"match":{"location":"stepDef.Hooks.afterTest()"}}],"type":"scenario","keyword":"Scenario","steps":[{"result":{"duration":5240466300,"status":"passed"},"line":5,"name":"Open link PRODUCT STORE","match":{"location":"stepDef.WebStep.openLinkPRODUCTSTORE()"},"keyword":"Given "},{"result":{"duration":150293000,"status":"passed"},"line":6,"name":"User will in home Product Store","match":{"location":"stepDef.WebStep.userWillInHomeProductStore()"},"keyword":"Then "}],"tags":[{"name":"@web"}]},{"start_timestamp":"2024-06-03T03:29:02.330Z","before":[{"result":{"duration":2617965400,"status":"passed"},"match":{"location":"stepDef.Hooks.beforeTest()"}}],"line":9,"name":"Test Categories in Product Store","description":"","id":"final-project-web-testing-https://www.demoblaze.com/;test-categories-in-product-store","after":[{"result":{"duration":3058876400,"status":"passed"},"match":{"location":"stepDef.Hooks.afterTest()"}}],"type":"scenario","keyword":"Scenario","steps":[{"result":{"duration":2755667800,"status":"passed"},"line":10,"name":"Open link PRODUCT STORE","match":{"location":"stepDef.WebStep.openLinkPRODUCTSTORE()"},"keyword":"Given "},{"result":{"duration":104649900,"status":"passed"},"line":11,"name":"Click Phones","match":{"location":"stepDef.WebStep.clickPhones()"},"keyword":"And "},{"result":{"duration":257698700,"status":"passed"},"line":12,"name":"Will show all type phone","match":{"location":"stepDef.WebStep.willShowAllTypePhone()"},"keyword":"Then "},{"result":{"duration":69905600,"status":"passed"},"line":13,"name":"Click Laptops","match":{"location":"stepDef.WebStep.clickLaptops()"},"keyword":"And "},{"result":{"duration":70392500,"status":"passed"},"line":14,"name":"Will show all type laptop","match":{"location":"stepDef.WebStep.willShowAllTypeLaptop()"},"keyword":"Then "},{"result":{"duration":77096300,"status":"passed"},"line":15,"name":"Click Monitors","match":{"location":"stepDef.WebStep.clickMonitors()"},"keyword":"And "},{"result":{"error_message":"org.openqa.selenium.StaleElementReferenceException: stale element reference: stale element not found in the current frame\n  (Session info: chrome-headless-shell=125.0.6422.114)\nFor documentation on this error, please visit: https://www.selenium.dev/documentation/webdriver/troubleshooting/errors#stale-element-reference-exception\nBuild info: version: '4.17.0', revision: 'e52b1be057*'\nSystem info: os.name: 'Windows 11', os.arch: 'amd64', os.version: '10.0', java.version: '17.0.9'\nDriver info: org.openqa.selenium.chrome.ChromeDriver\nCommand: [8f6a5992ccff9b788d9bf6c4a0f4f178, isElementDisplayed {id=f.FCF01478F77DE19ED947AD22B42670B7.d.7042168A7D67A349AF80F34BAF4C64DD.e.83}]\nCapabilities {acceptInsecureCerts: false, browserName: chrome-headless-shell, browserVersion: 125.0.6422.114, chrome: {chromedriverVersion: 125.0.6422.141 (4b1e8393712..., userDataDir: C:\\Users\\kika\\AppData\\Local...}, fedcm:accounts: true, goog:chromeOptions: {debuggerAddress: localhost:55862}, networkConnectionEnabled: false, pageLoadStrategy: normal, platformName: windows, proxy: Proxy(), se:cdp: ws://localhost:55862/devtoo..., se:cdpVersion: 125.0.6422.114, setWindowRect: true, strictFileInteractability: false, timeouts: {implicit: 0, pageLoad: 300000, script: 30000}, unhandledPromptBehavior: dismiss and notify, webauthn:extension:credBlob: true, webauthn:extension:largeBlob: true, webauthn:extension:minPinLength: true, webauthn:extension:prf: true, webauthn:virtualAuthenticators: true}\nElement: [[ChromeDriver: chrome-headless-shell on windows (8f6a5992ccff9b788d9bf6c4a0f4f178)] -> xpath: //img[@src='imgs/apple_cinema.jpg']]\nSession ID: 8f6a5992ccff9b788d9bf6c4a0f4f178\r\n\tat java.base/jdk.internal.reflect.NativeConstructorAccessorImpl.newInstance0(Native Method)\r\n\tat java.base/jdk.internal.reflect.NativeConstructorAccessorImpl.newInstance(NativeConstructorAccessorImpl.java:77)\r\n\tat java.base/jdk.internal.reflect.DelegatingConstructorAccessorImpl.newInstance(DelegatingConstructorAccessorImpl.java:45)\r\n\tat java.base/java.lang.reflect.Constructor.newInstanceWithCaller(Constructor.java:499)\r\n\tat java.base/java.lang.reflect.Constructor.newInstance(Constructor.java:480)\r\n\tat org.openqa.selenium.remote.codec.w3c.W3CHttpResponseCodec.createException(W3CHttpResponseCodec.java:185)\r\n\tat org.openqa.selenium.remote.codec.w3c.W3CHttpResponseCodec.decode(W3CHttpResponseCodec.java:134)\r\n\tat org.openqa.selenium.remote.codec.w3c.W3CHttpResponseCodec.decode(W3CHttpResponseCodec.java:51)\r\n\tat org.openqa.selenium.remote.HttpCommandExecutor.execute(HttpCommandExecutor.java:190)\r\n\tat org.openqa.selenium.remote.service.DriverCommandExecutor.invokeExecute(DriverCommandExecutor.java:216)\r\n\tat org.openqa.selenium.remote.service.DriverCommandExecutor.execute(DriverCommandExecutor.java:174)\r\n\tat org.openqa.selenium.remote.RemoteWebDriver.execute(RemoteWebDriver.java:519)\r\n\tat org.openqa.selenium.remote.RemoteWebElement.execute(RemoteWebElement.java:223)\r\n\tat org.openqa.selenium.remote.RemoteWebElement.isDisplayed(RemoteWebElement.java:282)\r\n\tat pages.WebPage.willShowAllTypeMonitor(WebPage.java:96)\r\n\tat stepDef.WebStep.willShowAllTypeMonitor(WebStep.java:45)\r\n\tat ✽.Will show all type monitor(file:///C:/Users/kika/OneDrive/Desktop/Java/FinalProject3/src/test/java/features/web.feature:16)\r\n","duration":749744600,"status":"failed"},"line":16,"name":"Will show all type monitor","match":{"location":"stepDef.WebStep.willShowAllTypeMonitor()"},"keyword":"Then "}],"tags":[{"name":"@web"}]},{"start_timestamp":"2024-06-03T03:29:12.141Z","before":[{"result":{"duration":2860396900,"status":"passed"},"match":{"location":"stepDef.Hooks.beforeTest()"}}],"line":19,"name":"Access Contact in product Store","description":"","id":"final-project-web-testing-https://www.demoblaze.com/;access-contact-in-product-store","after":[{"result":{"duration":2120507500,"status":"passed"},"match":{"location":"stepDef.Hooks.afterTest()"}}],"type":"scenario","keyword":"Scenario","steps":[{"result":{"duration":2210750300,"status":"passed"},"line":20,"name":"Open link PRODUCT STORE","match":{"location":"stepDef.WebStep.openLinkPRODUCTSTORE()"},"keyword":"Given "},{"result":{"duration":372077700,"status":"passed"},"line":21,"name":"Click nav contact","match":{"location":"stepDef.WebStep.clickNavContact()"},"keyword":"And "},{"result":{"duration":964268200,"status":"passed"},"line":22,"name":"User fill Contact Email \"kikamn@gmail.com\"","match":{"arguments":[{"val":"\"kikamn@gmail.com\"","offset":24}],"location":"stepDef.WebStep.userFillContactEmail(java.lang.String)"},"keyword":"And "},{"result":{"duration":100894100,"status":"passed"},"line":23,"name":"User fill Contact Name \"Kika\"","match":{"arguments":[{"val":"\"Kika\"","offset":23}],"location":"stepDef.WebStep.userFillContactName(java.lang.String)"},"keyword":"And "},{"result":{"duration":100993500,"status":"passed"},"line":24,"name":"User fill Message \"Oki doki\"","match":{"arguments":[{"val":"\"Oki doki\"","offset":18}],"location":"stepDef.WebStep.userFillMessage(java.lang.String)"},"keyword":"And "},{"result":{"duration":134878200,"status":"passed"},"line":25,"name":"Click button Send message","match":{"location":"stepDef.WebStep.clickButtonSendMessage()"},"keyword":"And "},{"result":{"duration":27627500,"status":"passed"},"line":26,"name":"Click oke in alert","match":{"location":"stepDef.WebStep.clickOkeInAlert()"},"keyword":"And "},{"result":{"duration":1126506500,"status":"passed"},"line":27,"name":"Will back home","match":{"location":"stepDef.WebStep.willBackHome()"},"keyword":"Then "}],"tags":[{"name":"@web"}]},{"start_timestamp":"2024-06-03T03:29:22.171Z","before":[{"result":{"duration":2665992800,"status":"passed"},"match":{"location":"stepDef.Hooks.beforeTest()"}}],"line":30,"name":"User can close form log in","description":"","id":"final-project-web-testing-https://www.demoblaze.com/;user-can-close-form-log-in","after":[{"result":{"duration":2186656400,"status":"passed"},"match":{"location":"stepDef.Hooks.afterTest()"}}],"type":"scenario","keyword":"Scenario","steps":[{"result":{"duration":2435281500,"status":"passed"},"line":31,"name":"Open link PRODUCT STORE","match":{"location":"stepDef.WebStep.openLinkPRODUCTSTORE()"},"keyword":"Given "},{"result":{"duration":146938500,"status":"passed"},"line":32,"name":"Click nav Log in","match":{"location":"stepDef.WebStep.clickNavLogIn()"},"keyword":"And "},{"result":{"duration":248857600,"status":"passed"},"line":33,"name":"Click button Close in Log in","match":{"location":"stepDef.WebStep.clickButtonCloseInLogIn()"},"keyword":"And "},{"result":{"duration":80649300,"status":"passed"},"line":34,"name":"Will back home","match":{"location":"stepDef.WebStep.willBackHome()"},"keyword":"Then "}],"tags":[{"name":"@web"}]},{"start_timestamp":"2024-06-03T03:29:29.949Z","before":[{"result":{"duration":3305912100,"status":"passed"},"match":{"location":"stepDef.Hooks.beforeTest()"}}],"line":37,"name":"User can see About Us","description":"","id":"final-project-web-testing-https://www.demoblaze.com/;user-can-see-about-us","after":[{"result":{"duration":14428516100,"status":"passed"},"match":{"location":"stepDef.Hooks.afterTest()"}}],"type":"scenario","keyword":"Scenario","steps":[{"result":{"duration":520249900,"status":"passed"},"line":38,"name":"Open link PRODUCT STORE","match":{"location":"stepDef.WebStep.openLinkPRODUCTSTORE()"},"keyword":"Given "},{"result":{"duration":1183251500,"status":"passed"},"line":39,"name":"Click nav About US","match":{"location":"stepDef.WebStep.clickNavAboutUS()"},"keyword":"And "},{"result":{"duration":3649855200,"status":"passed"},"line":40,"name":"Will show video player","match":{"location":"stepDef.WebStep.willShowVideoPlayer()"},"keyword":"Then "}],"tags":[{"name":"@web"}]},{"start_timestamp":"2024-06-03T03:29:53.043Z","before":[{"result":{"duration":16160792500,"status":"passed"},"match":{"location":"stepDef.Hooks.beforeTest()"}}],"line":43,"name":"User Login with Username and password valid","description":"","id":"final-project-web-testing-https://www.demoblaze.com/;user-login-with-username-and-password-valid","after":[{"result":{"duration":5555639500,"status":"passed"},"match":{"location":"stepDef.Hooks.afterTest()"}}],"type":"scenario","keyword":"Scenario","steps":[{"result":{"duration":3734267800,"status":"passed"},"line":44,"name":"Open link PRODUCT STORE","match":{"location":"stepDef.WebStep.openLinkPRODUCTSTORE()"},"keyword":"Given "},{"result":{"duration":68597600,"status":"passed"},"line":45,"name":"Click nav Log in","match":{"location":"stepDef.WebStep.clickNavLogIn()"},"keyword":"And "},{"result":{"duration":282423600,"status":"passed"},"line":46,"name":"Fill Username \"kikamn\"","match":{"arguments":[{"val":"\"kikamn\"","offset":14}],"location":"stepDef.WebStep.fillUsername(java.lang.String)"},"keyword":"And "},{"result":{"duration":1620447200,"status":"passed"},"line":47,"name":"Fill password \"Kika1234\"","match":{"arguments":[{"val":"\"Kika1234\"","offset":14}],"location":"stepDef.WebStep.fillPassword(java.lang.String)"},"keyword":"And "},{"result":{"duration":449689000,"status":"passed"},"line":48,"name":"Click button Log in","match":{"location":"stepDef.WebStep.clickButtonLogIn()"},"keyword":"And "},{"result":{"duration":1822523300,"status":"passed"},"line":49,"name":"Log in will be successful","match":{"location":"stepDef.WebStep.logInWillBeSuccessful()"},"keyword":"Then "},{"result":{"duration":715031200,"status":"passed"},"line":50,"name":"Will show \"Welcome kikamn\" at top right of the page","match":{"arguments":[{"val":"\"Welcome kikamn\"","offset":10}],"location":"stepDef.WebStep.willShowAtTopRightOfThePage(java.lang.String)"},"keyword":"Then "}],"tags":[{"name":"@web"}]},{"start_timestamp":"2024-06-03T03:30:23.474Z","before":[{"result":{"duration":14326730000,"status":"passed"},"match":{"location":"stepDef.Hooks.beforeTest()"}}],"line":53,"name":"User log in with username and password invalid","description":"","id":"final-project-web-testing-https://www.demoblaze.com/;user-log-in-with-username-and-password-invalid","after":[{"result":{"duration":2172324400,"status":"passed"},"match":{"location":"stepDef.Hooks.afterTest()"}}],"type":"scenario","keyword":"Scenario","steps":[{"result":{"duration":2759534300,"status":"passed"},"line":54,"name":"Open link PRODUCT STORE","match":{"location":"stepDef.WebStep.openLinkPRODUCTSTORE()"},"keyword":"Given "},{"result":{"duration":1464234900,"status":"passed"},"line":55,"name":"Click nav Log in","match":{"location":"stepDef.WebStep.clickNavLogIn()"},"keyword":"And "},{"result":{"duration":2080978300,"status":"passed"},"line":56,"name":"Fill Username \"rizkika\"","match":{"arguments":[{"val":"\"rizkika\"","offset":14}],"location":"stepDef.WebStep.fillUsername(java.lang.String)"},"keyword":"And "},{"result":{"duration":5078025000,"status":"passed"},"line":57,"name":"Fill password \"kikamn1234\"","match":{"arguments":[{"val":"\"kikamn1234\"","offset":14}],"location":"stepDef.WebStep.fillPassword(java.lang.String)"},"keyword":"And "},{"result":{"duration":551057400,"status":"passed"},"line":58,"name":"Click button Log in","match":{"location":"stepDef.WebStep.clickButtonLogIn()"},"keyword":"And "},{"result":{"duration":6195111400,"status":"passed"},"line":59,"name":"Will show alert \"User does not exist.\"","match":{"arguments":[{"val":"\"User does not exist.\"","offset":16}],"location":"stepDef.WebStep.willShowAlert(java.lang.String)"},"keyword":"Then "}],"tags":[{"name":"@web"}]},{"start_timestamp":"2024-06-03T03:30:58.120Z","before":[{"result":{"duration":2909671700,"status":"passed"},"match":{"location":"stepDef.Hooks.beforeTest()"}}],"line":62,"name":"User log in with username and password empty","description":"","id":"final-project-web-testing-https://www.demoblaze.com/;user-log-in-with-username-and-password-empty","after":[{"result":{"duration":2162275600,"status":"passed"},"match":{"location":"stepDef.Hooks.afterTest()"}}],"type":"scenario","keyword":"Scenario","steps":[{"result":{"duration":3254360400,"status":"passed"},"line":63,"name":"Open link PRODUCT STORE","match":{"location":"stepDef.WebStep.openLinkPRODUCTSTORE()"},"keyword":"Given "},{"result":{"duration":131994800,"status":"passed"},"line":64,"name":"Click nav Log in","match":{"location":"stepDef.WebStep.clickNavLogIn()"},"keyword":"And "},{"result":{"duration":194997300,"status":"passed"},"line":65,"name":"Fill Username \" \"","match":{"arguments":[{"val":"\" \"","offset":14}],"location":"stepDef.WebStep.fillUsername(java.lang.String)"},"keyword":"And "},{"result":{"duration":127855800,"status":"passed"},"line":66,"name":"Fill password \"\"","match":{"arguments":[{"val":"\"\"","offset":14}],"location":"stepDef.WebStep.fillPassword(java.lang.String)"},"keyword":"And "},{"result":{"duration":102098700,"status":"passed"},"line":67,"name":"Click button Log in","match":{"location":"stepDef.WebStep.clickButtonLogIn()"},"keyword":"And "},{"result":{"duration":6025770500,"status":"passed"},"line":68,"name":"Will show alert \"Please fill out Username and Password.\"","match":{"arguments":[{"val":"\"Please fill out Username and Password.\"","offset":16}],"location":"stepDef.WebStep.willShowAlert(java.lang.String)"},"keyword":"Then "}],"tags":[{"name":"@web"}]},{"start_timestamp":"2024-06-03T03:31:13.046Z","before":[{"result":{"duration":3047034300,"status":"passed"},"match":{"location":"stepDef.Hooks.beforeTest()"}}],"line":71,"name":"User log in with username valid and password invalid","description":"","id":"final-project-web-testing-https://www.demoblaze.com/;user-log-in-with-username-valid-and-password-invalid","after":[{"result":{"duration":2152116200,"status":"passed"},"match":{"location":"stepDef.Hooks.afterTest()"}}],"type":"scenario","keyword":"Scenario","steps":[{"result":{"duration":2239713000,"status":"passed"},"line":72,"name":"Open link PRODUCT STORE","match":{"location":"stepDef.WebStep.openLinkPRODUCTSTORE()"},"keyword":"Given "},{"result":{"duration":485243300,"status":"passed"},"line":73,"name":"Click nav Log in","match":{"location":"stepDef.WebStep.clickNavLogIn()"},"keyword":"And "},{"result":{"duration":904695400,"status":"passed"},"line":74,"name":"Fill Username \"kikamn\"","match":{"arguments":[{"val":"\"kikamn\"","offset":14}],"location":"stepDef.WebStep.fillUsername(java.lang.String)"},"keyword":"And "},{"result":{"duration":147682400,"status":"passed"},"line":75,"name":"Fill password \"kikamn123456\"","match":{"arguments":[{"val":"\"kikamn123456\"","offset":14}],"location":"stepDef.WebStep.fillPassword(java.lang.String)"},"keyword":"And "},{"result":{"duration":105583200,"status":"passed"},"line":76,"name":"Click button Log in","match":{"location":"stepDef.WebStep.clickButtonLogIn()"},"keyword":"And "},{"result":{"duration":6032928600,"status":"passed"},"line":77,"name":"Will show alert \"Wrong password.\"","match":{"arguments":[{"val":"\"Wrong password.\"","offset":16}],"location":"stepDef.WebStep.willShowAlert(java.lang.String)"},"keyword":"Then "}],"tags":[{"name":"@web"}]},{"start_timestamp":"2024-06-03T03:31:28.180Z","before":[{"result":{"duration":3073436800,"status":"passed"},"match":{"location":"stepDef.Hooks.beforeTest()"}}],"line":80,"name":"User log in with username invalid and password valid","description":"","id":"final-project-web-testing-https://www.demoblaze.com/;user-log-in-with-username-invalid-and-password-valid","after":[{"result":{"duration":2175649600,"status":"passed"},"match":{"location":"stepDef.Hooks.afterTest()"}}],"type":"scenario","keyword":"Scenario","steps":[{"result":{"duration":2344048400,"status":"passed"},"line":81,"name":"Open link PRODUCT STORE","match":{"location":"stepDef.WebStep.openLinkPRODUCTSTORE()"},"keyword":"Given "},{"result":{"duration":131492900,"status":"passed"},"line":82,"name":"Click nav Log in","match":{"location":"stepDef.WebStep.clickNavLogIn()"},"keyword":"And "},{"result":{"duration":249925600,"status":"passed"},"line":83,"name":"Fill Username \"rizkika\"","match":{"arguments":[{"val":"\"rizkika\"","offset":14}],"location":"stepDef.WebStep.fillUsername(java.lang.String)"},"keyword":"And "},{"result":{"duration":114476100,"status":"passed"},"line":84,"name":"Fill password \"Kika1234\"","match":{"arguments":[{"val":"\"Kika1234\"","offset":14}],"location":"stepDef.WebStep.fillPassword(java.lang.String)"},"keyword":"And "},{"result":{"duration":95991400,"status":"passed"},"line":85,"name":"Click button Log in","match":{"location":"stepDef.WebStep.clickButtonLogIn()"},"keyword":"And "},{"result":{"duration":6024806100,"status":"passed"},"line":86,"name":"Will show alert \"User does not exist.\"","match":{"arguments":[{"val":"\"User does not exist.\"","offset":16}],"location":"stepDef.WebStep.willShowAlert(java.lang.String)"},"keyword":"Then "}],"tags":[{"name":"@web"}]},{"start_timestamp":"2024-06-03T03:31:42.401Z","before":[{"result":{"duration":3078946600,"status":"passed"},"match":{"location":"stepDef.Hooks.beforeTest()"}}],"line":89,"name":"User can log out in","description":"","id":"final-project-web-testing-https://www.demoblaze.com/;user-can-log-out-in","after":[{"result":{"duration":2174581700,"status":"passed"},"match":{"location":"stepDef.Hooks.afterTest()"}}],"type":"scenario","keyword":"Scenario","steps":[{"result":{"duration":4204530100,"status":"passed"},"line":90,"name":"Open link PRODUCT STORE","match":{"location":"stepDef.WebStep.openLinkPRODUCTSTORE()"},"keyword":"Given "},{"result":{"duration":122459400,"status":"passed"},"line":91,"name":"Click nav Log in","match":{"location":"stepDef.WebStep.clickNavLogIn()"},"keyword":"And "},{"result":{"duration":243395300,"status":"passed"},"line":92,"name":"Fill Username \"kikamn\"","match":{"arguments":[{"val":"\"kikamn\"","offset":14}],"location":"stepDef.WebStep.fillUsername(java.lang.String)"},"keyword":"And "},{"result":{"duration":96626100,"status":"passed"},"line":93,"name":"Fill password \"Kika1234\"","match":{"arguments":[{"val":"\"Kika1234\"","offset":14}],"location":"stepDef.WebStep.fillPassword(java.lang.String)"},"keyword":"And "},{"result":{"duration":101223900,"status":"passed"},"line":94,"name":"Click button Log in","match":{"location":"stepDef.WebStep.clickButtonLogIn()"},"keyword":"And "},{"result":{"duration":24240300,"status":"passed"},"line":95,"name":"Click button Log out","match":{"location":"stepDef.WebStep.clickButtonLogOut()"},"keyword":"And "}],"tags":[{"name":"@web"}]},{"start_timestamp":"2024-06-03T03:31:52.460Z","before":[{"result":{"duration":3579384900,"status":"passed"},"match":{"location":"stepDef.Hooks.beforeTest()"}}],"line":99,"name":"User sign up with username and password not register","description":"","id":"final-project-web-testing-https://www.demoblaze.com/;user-sign-up-with-username-and-password-not-register","after":[{"result":{"duration":2161943800,"status":"passed"},"match":{"location":"stepDef.Hooks.afterTest()"}}],"type":"scenario","keyword":"Scenario","steps":[{"result":{"duration":4698017900,"status":"passed"},"line":100,"name":"Open link PRODUCT STORE","match":{"location":"stepDef.WebStep.openLinkPRODUCTSTORE()"},"keyword":"Given "},{"result":{"duration":97301500,"status":"passed"},"line":101,"name":"Click nav Sign up","match":{"location":"stepDef.WebStep.clickNavSignUp()"},"keyword":"And "},{"result":{"duration":256155400,"status":"passed"},"line":102,"name":"Fill Username Sign up \"Rizkika123\"","match":{"arguments":[{"val":"\"Rizkika123\"","offset":22}],"location":"stepDef.WebStep.fillUsernameSignUp(java.lang.String)"},"keyword":"And "},{"result":{"duration":125003000,"status":"passed"},"line":103,"name":"Fill password Sign up \"Rizkika12345\"","match":{"arguments":[{"val":"\"Rizkika12345\"","offset":22}],"location":"stepDef.WebStep.fillPasswordSignUp(java.lang.String)"},"keyword":"And "},{"result":{"duration":96545800,"status":"passed"},"line":104,"name":"Click button sign up","match":{"location":"stepDef.WebStep.clickButtonSignUp()"},"keyword":"And "},{"result":{"duration":6027350700,"status":"passed"},"line":105,"name":"Will show alert \"Sign up successful.\"","match":{"arguments":[{"val":"\"Sign up successful.\"","offset":16}],"location":"stepDef.WebStep.willShowAlert(java.lang.String)"},"keyword":"And "},{"result":{"duration":73648100,"status":"passed"},"line":106,"name":"Will back home","match":{"location":"stepDef.WebStep.willBackHome()"},"keyword":"Then "}],"tags":[{"name":"@web"}]},{"start_timestamp":"2024-06-03T03:32:09.590Z","before":[{"result":{"duration":2886987600,"status":"passed"},"match":{"location":"stepDef.Hooks.beforeTest()"}}],"line":109,"name":"User sign up with username and password registered","description":"","id":"final-project-web-testing-https://www.demoblaze.com/;user-sign-up-with-username-and-password-registered","after":[{"result":{"duration":2159942700,"status":"passed"},"match":{"location":"stepDef.Hooks.afterTest()"}}],"type":"scenario","keyword":"Scenario","steps":[{"result":{"duration":2137522300,"status":"passed"},"line":110,"name":"Open link PRODUCT STORE","match":{"location":"stepDef.WebStep.openLinkPRODUCTSTORE()"},"keyword":"Given "},{"result":{"duration":252308200,"status":"passed"},"line":111,"name":"Click nav Sign up","match":{"location":"stepDef.WebStep.clickNavSignUp()"},"keyword":"And "},{"result":{"duration":262780200,"status":"passed"},"line":112,"name":"Fill Username Sign up \"kikamn\"","match":{"arguments":[{"val":"\"kikamn\"","offset":22}],"location":"stepDef.WebStep.fillUsernameSignUp(java.lang.String)"},"keyword":"And "},{"result":{"duration":118037800,"status":"passed"},"line":113,"name":"Fill password Sign up \"Kika1234\"","match":{"arguments":[{"val":"\"Kika1234\"","offset":22}],"location":"stepDef.WebStep.fillPasswordSignUp(java.lang.String)"},"keyword":"And "},{"result":{"duration":91972500,"status":"passed"},"line":114,"name":"Click button sign up","match":{"location":"stepDef.WebStep.clickButtonSignUp()"},"keyword":"And "},{"result":{"duration":6038338500,"status":"passed"},"line":115,"name":"Will show alert \"This user already exist.\"","match":{"arguments":[{"val":"\"This user already exist.\"","offset":16}],"location":"stepDef.WebStep.willShowAlert(java.lang.String)"},"keyword":"Then "}],"tags":[{"name":"@web"}]},{"start_timestamp":"2024-06-03T03:32:23.550Z","before":[{"result":{"duration":3033168100,"status":"passed"},"match":{"location":"stepDef.Hooks.beforeTest()"}}],"line":118,"name":"User sign up with username and password empty","description":"","id":"final-project-web-testing-https://www.demoblaze.com/;user-sign-up-with-username-and-password-empty","after":[{"result":{"duration":3069155000,"status":"passed"},"match":{"location":"stepDef.Hooks.afterTest()"}}],"type":"scenario","keyword":"Scenario","steps":[{"result":{"duration":2305986300,"status":"passed"},"line":119,"name":"Open link PRODUCT STORE","match":{"location":"stepDef.WebStep.openLinkPRODUCTSTORE()"},"keyword":"Given "},{"result":{"duration":97284600,"status":"passed"},"line":120,"name":"Click nav Sign up","match":{"location":"stepDef.WebStep.clickNavSignUp()"},"keyword":"And "},{"result":{"duration":262425700,"status":"passed"},"line":121,"name":"Fill Username Sign up \"\"","match":{"arguments":[{"val":"\"\"","offset":22}],"location":"stepDef.WebStep.fillUsernameSignUp(java.lang.String)"},"keyword":"And "},{"result":{"duration":90105300,"status":"passed"},"line":122,"name":"Fill password Sign up \"\"","match":{"arguments":[{"val":"\"\"","offset":22}],"location":"stepDef.WebStep.fillPasswordSignUp(java.lang.String)"},"keyword":"And "},{"result":{"duration":139351100,"status":"passed"},"line":123,"name":"Click button sign up","match":{"location":"stepDef.WebStep.clickButtonSignUp()"},"keyword":"And "},{"result":{"duration":6021884700,"status":"passed"},"line":124,"name":"Will show alert \"Please fill out Username and Password.\"","match":{"arguments":[{"val":"\"Please fill out Username and Password.\"","offset":16}],"location":"stepDef.WebStep.willShowAlert(java.lang.String)"},"keyword":"Then "}],"tags":[{"name":"@web"}]},{"start_timestamp":"2024-06-03T03:32:38.584Z","before":[{"result":{"duration":4162370700,"status":"passed"},"match":{"location":"stepDef.Hooks.beforeTest()"}}],"line":127,"name":"User can close form sign up","description":"","id":"final-project-web-testing-https://www.demoblaze.com/;user-can-close-form-sign-up","after":[{"result":{"duration":2757723700,"status":"passed"},"match":{"location":"stepDef.Hooks.afterTest()"}}],"type":"scenario","keyword":"Scenario","steps":[{"result":{"duration":2261324400,"status":"passed"},"line":128,"name":"Open link PRODUCT STORE","match":{"location":"stepDef.WebStep.openLinkPRODUCTSTORE()"},"keyword":"Given "},{"result":{"duration":106126300,"status":"passed"},"line":129,"name":"Click nav Sign up","match":{"location":"stepDef.WebStep.clickNavSignUp()"},"keyword":"And "},{"result":{"duration":234929000,"status":"passed"},"line":130,"name":"Click button close sign up","match":{"location":"stepDef.WebStep.clickButtonCloseSignUp()"},"keyword":"And "},{"result":{"duration":77596900,"status":"passed"},"line":131,"name":"Will back home","match":{"location":"stepDef.WebStep.willBackHome()"},"keyword":"Then "}],"tags":[{"name":"@web"}]},{"start_timestamp":"2024-06-03T03:32:48.200Z","before":[{"result":{"duration":4463913500,"status":"passed"},"match":{"location":"stepDef.Hooks.beforeTest()"}}],"line":134,"name":"User can see detail from product","description":"","id":"final-project-web-testing-https://www.demoblaze.com/;user-can-see-detail-from-product","after":[{"result":{"duration":3067885800,"status":"passed"},"match":{"location":"stepDef.Hooks.afterTest()"}}],"type":"scenario","keyword":"Scenario","steps":[{"result":{"duration":4022454700,"status":"passed"},"line":135,"name":"Open link PRODUCT STORE","match":{"location":"stepDef.WebStep.openLinkPRODUCTSTORE()"},"keyword":"Given "},{"result":{"duration":6443594300,"status":"passed"},"line":136,"name":"Click title product","match":{"location":"stepDef.WebStep.clickTitleProduct()"},"keyword":"And "},{"result":{"duration":808963100,"status":"passed"},"line":137,"name":"Will show detail product","match":{"location":"stepDef.WebStep.willShowDetailProduct()"},"keyword":"Then "},{"result":{"duration":965087800,"status":"passed"},"line":138,"name":"Image product","match":{"location":"stepDef.WebStep.imageProduct()"},"keyword":"Then "},{"result":{"duration":76569700,"status":"passed"},"line":139,"name":"Title product","match":{"location":"stepDef.WebStep.titleProduct()"},"keyword":"Then "},{"result":{"duration":61225900,"status":"passed"},"line":140,"name":"Price product","match":{"location":"stepDef.WebStep.priceProduct()"},"keyword":"Then "},{"result":{"duration":56773100,"status":"passed"},"line":141,"name":"Description product","match":{"location":"stepDef.WebStep.descriptionProduct()"},"keyword":"Then "},{"result":{"duration":89604600,"status":"passed"},"line":142,"name":"Click Button Add to Cart","match":{"location":"stepDef.WebStep.clickButtonAddToCart()"},"keyword":"Then "}],"tags":[{"name":"@web"}]},{"start_timestamp":"2024-06-03T03:33:08.264Z","before":[{"result":{"duration":6279699200,"status":"passed"},"match":{"location":"stepDef.Hooks.beforeTest()"}}],"line":145,"name":"User can access Cart or add to cart in Cart","description":"","id":"final-project-web-testing-https://www.demoblaze.com/;user-can-access-cart-or-add-to-cart-in-cart","after":[{"result":{"duration":3872082200,"status":"passed"},"match":{"location":"stepDef.Hooks.afterTest()"}}],"type":"scenario","keyword":"Scenario","steps":[{"result":{"duration":4355032100,"status":"passed"},"line":146,"name":"Open link PRODUCT STORE","match":{"location":"stepDef.WebStep.openLinkPRODUCTSTORE()"},"keyword":"Given "},{"result":{"duration":4100087000,"status":"passed"},"line":147,"name":"Click title product","match":{"location":"stepDef.WebStep.clickTitleProduct()"},"keyword":"And "},{"result":{"duration":1093950700,"status":"passed"},"line":148,"name":"Click Button Add to Cart","match":{"location":"stepDef.WebStep.clickButtonAddToCart()"},"keyword":"And "},{"result":{"duration":6030914300,"status":"passed"},"line":149,"name":"Will show alert \"Product added\"","match":{"arguments":[{"val":"\"Product added\"","offset":16}],"location":"stepDef.WebStep.willShowAlert(java.lang.String)"},"keyword":"And "},{"result":{"duration":80327100,"status":"passed"},"line":150,"name":"Click Nav Cart","match":{"location":"stepDef.WebStep.clickNavCart()"},"keyword":"And "},{"result":{"duration":54388300,"status":"passed"},"line":151,"name":"Will show purchased products","match":{"location":"stepDef.WebStep.willShowPurchasedProducts()"},"keyword":"Then "}],"tags":[{"name":"@web"}]},{"start_timestamp":"2024-06-03T03:33:34.153Z","before":[{"result":{"duration":11604081500,"status":"passed"},"match":{"location":"stepDef.Hooks.beforeTest()"}}],"line":154,"name":"User can delete product in Cart","description":"","id":"final-project-web-testing-https://www.demoblaze.com/;user-can-delete-product-in-cart","after":[{"result":{"duration":23347191900,"status":"passed"},"match":{"location":"stepDef.Hooks.afterTest()"}}],"type":"scenario","keyword":"Scenario","steps":[{"result":{"duration":4100063800,"status":"passed"},"line":155,"name":"Open link PRODUCT STORE","match":{"location":"stepDef.WebStep.openLinkPRODUCTSTORE()"},"keyword":"Given "},{"result":{"duration":5004002700,"status":"passed"},"line":156,"name":"Click title product","match":{"location":"stepDef.WebStep.clickTitleProduct()"},"keyword":"And "},{"result":{"duration":880112700,"status":"passed"},"line":157,"name":"Click Button Add to Cart","match":{"location":"stepDef.WebStep.clickButtonAddToCart()"},"keyword":"And "},{"result":{"duration":6041663600,"status":"passed"},"line":158,"name":"Will show alert \"Product added\"","match":{"arguments":[{"val":"\"Product added\"","offset":16}],"location":"stepDef.WebStep.willShowAlert(java.lang.String)"},"keyword":"And "},{"result":{"duration":113926500,"status":"passed"},"line":159,"name":"Click Nav Cart","match":{"location":"stepDef.WebStep.clickNavCart()"},"keyword":"And "},{"result":{"error_message":"org.openqa.selenium.NoSuchElementException: Unable to find element with locator By.xpath: //*[@id=\"tbodyid\"]/tr/td[4]/a\nFor documentation on this error, please visit: https://www.selenium.dev/documentation/webdriver/troubleshooting/errors#no-such-element-exception\nBuild info: version: '4.17.0', revision: 'e52b1be057*'\nSystem info: os.name: 'Windows 11', os.arch: 'amd64', os.version: '10.0', java.version: '17.0.9'\nDriver info: driver.version: RemoteWebDriver\r\n\tat org.openqa.selenium.remote.ElementLocation$ElementFinder$2.findElement(ElementLocation.java:168)\r\n\tat org.openqa.selenium.remote.ElementLocation.findElement(ElementLocation.java:59)\r\n\tat org.openqa.selenium.remote.RemoteWebDriver.findElement(RemoteWebDriver.java:356)\r\n\tat org.openqa.selenium.remote.RemoteWebDriver.findElement(RemoteWebDriver.java:350)\r\n\tat pages.WebPage.clickButtonDelete(WebPage.java:201)\r\n\tat stepDef.WebStep.clickButtonDelete(WebStep.java:178)\r\n\tat ✽.Click button Delete(file:///C:/Users/kika/OneDrive/Desktop/Java/FinalProject3/src/test/java/features/web.feature:160)\r\n","duration":1011447300,"status":"failed"},"line":160,"name":"Click button Delete","match":{"location":"stepDef.WebStep.clickButtonDelete()"},"keyword":"And "},{"result":{"duration":4528400,"status":"skipped"},"line":161,"name":"Cart will empty","match":{"location":"stepDef.WebStep.cartWillEmpty()"},"keyword":"Then "}],"tags":[{"name":"@web"}]},{"start_timestamp":"2024-06-03T03:34:26.279Z","before":[{"result":{"duration":44058148100,"status":"passed"},"match":{"location":"stepDef.Hooks.beforeTest()"}}],"line":164,"name":"User can close Place Order","description":"","id":"final-project-web-testing-https://www.demoblaze.com/;user-can-close-place-order","after":[{"result":{"duration":6911250000,"status":"passed"},"match":{"location":"stepDef.Hooks.afterTest()"}}],"type":"scenario","keyword":"Scenario","steps":[{"result":{"duration":3041687700,"status":"passed"},"line":165,"name":"Open link PRODUCT STORE","match":{"location":"stepDef.WebStep.openLinkPRODUCTSTORE()"},"keyword":"Given "},{"result":{"duration":7774485900,"status":"passed"},"line":166,"name":"Click title product","match":{"location":"stepDef.WebStep.clickTitleProduct()"},"keyword":"And "},{"result":{"duration":1796405600,"status":"passed"},"line":167,"name":"Click Button Add to Cart","match":{"location":"stepDef.WebStep.clickButtonAddToCart()"},"keyword":"And "},{"result":{"duration":6027726500,"status":"passed"},"line":168,"name":"Will show alert \"Product added\"","match":{"arguments":[{"val":"\"Product added\"","offset":16}],"location":"stepDef.WebStep.willShowAlert(java.lang.String)"},"keyword":"And "},{"result":{"duration":950418300,"status":"passed"},"line":169,"name":"Click Nav Cart","match":{"location":"stepDef.WebStep.clickNavCart()"},"keyword":"And "},{"result":{"error_message":"org.openqa.selenium.NoSuchElementException: Unable to find element with locator By.xpath: //*[@id=\"page-wrapper\"]/div/div[2]/button\nFor documentation on this error, please visit: https://www.selenium.dev/documentation/webdriver/troubleshooting/errors#no-such-element-exception\nBuild info: version: '4.17.0', revision: 'e52b1be057*'\nSystem info: os.name: 'Windows 11', os.arch: 'amd64', os.version: '10.0', java.version: '17.0.9'\nDriver info: driver.version: RemoteWebDriver\r\n\tat org.openqa.selenium.remote.ElementLocation$ElementFinder$2.findElement(ElementLocation.java:168)\r\n\tat org.openqa.selenium.remote.ElementLocation.findElement(ElementLocation.java:59)\r\n\tat org.openqa.selenium.remote.RemoteWebDriver.findElement(RemoteWebDriver.java:356)\r\n\tat org.openqa.selenium.remote.RemoteWebDriver.findElement(RemoteWebDriver.java:350)\r\n\tat pages.WebPage.clickButtonPlaceOrder(WebPage.java:205)\r\n\tat stepDef.WebStep.clickButtonPlaceOrder(WebStep.java:186)\r\n\tat ✽.Click button Place Order(file:///C:/Users/kika/OneDrive/Desktop/Java/FinalProject3/src/test/java/features/web.feature:170)\r\n","duration":469306000,"status":"failed"},"line":170,"name":"Click button Place Order","match":{"location":"stepDef.WebStep.clickButtonPlaceOrder()"},"keyword":"And "},{"result":{"status":"skipped"},"line":171,"name":"Click button Close Place Order","match":{"location":"stepDef.WebStep.clickButtonClosePlaceOrder()"},"keyword":"And "},{"result":{"status":"skipped"},"line":172,"name":"Will back to Cart","match":{"location":"stepDef.WebStep.willBackToCart()"},"keyword":"Then "}],"tags":[{"name":"@web"}]},{"start_timestamp":"2024-06-03T03:35:37.322Z","before":[{"result":{"duration":118231679400,"status":"passed"},"match":{"location":"stepDef.Hooks.beforeTest()"}}],"line":175,"name":"User can not buy product without fill form","description":"","id":"final-project-web-testing-https://www.demoblaze.com/;user-can-not-buy-product-without-fill-form","after":[{"result":{"duration":5661126500,"status":"passed"},"match":{"location":"stepDef.Hooks.afterTest()"}}],"type":"scenario","keyword":"Scenario","steps":[{"result":{"duration":11039409300,"status":"passed"},"line":176,"name":"Open link PRODUCT STORE","match":{"location":"stepDef.WebStep.openLinkPRODUCTSTORE()"},"keyword":"Given "},{"result":{"duration":12547272400,"status":"passed"},"line":177,"name":"Click title product","match":{"location":"stepDef.WebStep.clickTitleProduct()"},"keyword":"And "},{"result":{"duration":1760466200,"status":"passed"},"line":178,"name":"Click Button Add to Cart","match":{"location":"stepDef.WebStep.clickButtonAddToCart()"},"keyword":"And "},{"result":{"duration":6042821000,"status":"passed"},"line":179,"name":"Will show alert \"Product added\"","match":{"arguments":[{"val":"\"Product added\"","offset":16}],"location":"stepDef.WebStep.willShowAlert(java.lang.String)"},"keyword":"And "},{"result":{"duration":66857000,"status":"passed"},"line":180,"name":"Click Nav Cart","match":{"location":"stepDef.WebStep.clickNavCart()"},"keyword":"And "},{"result":{"error_message":"org.openqa.selenium.NoSuchElementException: Unable to find element with locator By.xpath: //*[@id=\"page-wrapper\"]/div/div[2]/button\nFor documentation on this error, please visit: https://www.selenium.dev/documentation/webdriver/troubleshooting/errors#no-such-element-exception\nBuild info: version: '4.17.0', revision: 'e52b1be057*'\nSystem info: os.name: 'Windows 11', os.arch: 'amd64', os.version: '10.0', java.version: '17.0.9'\nDriver info: driver.version: RemoteWebDriver\r\n\tat org.openqa.selenium.remote.ElementLocation$ElementFinder$2.findElement(ElementLocation.java:168)\r\n\tat org.openqa.selenium.remote.ElementLocation.findElement(ElementLocation.java:59)\r\n\tat org.openqa.selenium.remote.RemoteWebDriver.findElement(RemoteWebDriver.java:356)\r\n\tat org.openqa.selenium.remote.RemoteWebDriver.findElement(RemoteWebDriver.java:350)\r\n\tat pages.WebPage.clickButtonPlaceOrder(WebPage.java:205)\r\n\tat stepDef.WebStep.clickButtonPlaceOrder(WebStep.java:186)\r\n\tat ✽.Click button Place Order(file:///C:/Users/kika/OneDrive/Desktop/Java/FinalProject3/src/test/java/features/web.feature:181)\r\n","duration":1169235700,"status":"failed"},"line":181,"name":"Click button Place Order","match":{"location":"stepDef.WebStep.clickButtonPlaceOrder()"},"keyword":"And "},{"result":{"status":"skipped"},"line":182,"name":"Click button Purchase","match":{"location":"stepDef.WebStep.clickButtonPurchase()"},"keyword":"And "},{"result":{"status":"skipped"},"line":183,"name":"Will show alert \"Please fill out Name and Creditcard.\"","match":{"arguments":[{"val":"\"Please fill out Name and Creditcard.\"","offset":16}],"location":"stepDef.WebStep.willShowAlert(java.lang.String)"},"keyword":"Then "}],"tags":[{"name":"@web"}]},{"start_timestamp":"2024-06-03T03:38:13.854Z","before":[{"result":{"duration":53975973500,"status":"passed"},"match":{"location":"stepDef.Hooks.beforeTest()"}}],"line":186,"name":"User can fill form mandatory Name and Credit card","description":"","id":"final-project-web-testing-https://www.demoblaze.com/;user-can-fill-form-mandatory-name-and-credit-card","after":[{"result":{"duration":13114891600,"status":"passed"},"match":{"location":"stepDef.Hooks.afterTest()"}}],"type":"scenario","keyword":"Scenario","steps":[{"result":{"duration":4055308400,"status":"passed"},"line":187,"name":"Open link PRODUCT STORE","match":{"location":"stepDef.WebStep.openLinkPRODUCTSTORE()"},"keyword":"Given "},{"result":{"duration":9355552900,"status":"passed"},"line":188,"name":"Click title product","match":{"location":"stepDef.WebStep.clickTitleProduct()"},"keyword":"And "},{"result":{"duration":1849165600,"status":"passed"},"line":189,"name":"Click Button Add to Cart","match":{"location":"stepDef.WebStep.clickButtonAddToCart()"},"keyword":"And "},{"result":{"duration":6593893900,"status":"passed"},"line":190,"name":"Will show alert \"Product added\"","match":{"arguments":[{"val":"\"Product added\"","offset":16}],"location":"stepDef.WebStep.willShowAlert(java.lang.String)"},"keyword":"And "},{"result":{"duration":726382700,"status":"passed"},"line":191,"name":"Click Nav Cart","match":{"location":"stepDef.WebStep.clickNavCart()"},"keyword":"And "},{"result":{"error_message":"org.openqa.selenium.NoSuchElementException: Unable to find element with locator By.xpath: //*[@id=\"page-wrapper\"]/div/div[2]/button\nFor documentation on this error, please visit: https://www.selenium.dev/documentation/webdriver/troubleshooting/errors#no-such-element-exception\nBuild info: version: '4.17.0', revision: 'e52b1be057*'\nSystem info: os.name: 'Windows 11', os.arch: 'amd64', os.version: '10.0', java.version: '17.0.9'\nDriver info: driver.version: RemoteWebDriver\r\n\tat org.openqa.selenium.remote.ElementLocation$ElementFinder$2.findElement(ElementLocation.java:168)\r\n\tat org.openqa.selenium.remote.ElementLocation.findElement(ElementLocation.java:59)\r\n\tat org.openqa.selenium.remote.RemoteWebDriver.findElement(RemoteWebDriver.java:356)\r\n\tat org.openqa.selenium.remote.RemoteWebDriver.findElement(RemoteWebDriver.java:350)\r\n\tat pages.WebPage.clickButtonPlaceOrder(WebPage.java:205)\r\n\tat stepDef.WebStep.clickButtonPlaceOrder(WebStep.java:186)\r\n\tat ✽.Click button Place Order(file:///C:/Users/kika/OneDrive/Desktop/Java/FinalProject3/src/test/java/features/web.feature:192)\r\n","duration":1629357700,"status":"failed"},"line":192,"name":"Click button Place Order","match":{"location":"stepDef.WebStep.clickButtonPlaceOrder()"},"keyword":"And "},{"result":{"status":"skipped"},"line":193,"name":"Fill Name \"Kika\"","match":{"arguments":[{"val":"\"Kika\"","offset":10}],"location":"stepDef.WebStep.fillName(java.lang.String)"},"keyword":"And "},{"result":{"status":"skipped"},"line":194,"name":"Fill Credit card \"12345676\"","match":{"arguments":[{"val":"\"12345676\"","offset":17}],"location":"stepDef.WebStep.fillCreditCard(java.lang.String)"},"keyword":"And "},{"result":{"status":"skipped"},"line":195,"name":"Click button Purchase","match":{"location":"stepDef.WebStep.clickButtonPurchase()"},"keyword":"And "},{"result":{"status":"skipped"},"line":196,"name":"Will show Thank you for your purchase!","match":{"location":"stepDef.WebStep.willShowThankYouForYourPurchase()"},"keyword":"Then "},{"result":{"status":"skipped"},"line":197,"name":"Can click oke","match":{"location":"stepDef.WebStep.canClickOke()"},"keyword":"Then "}],"tags":[{"name":"@web"}]},{"start_timestamp":"2024-06-03T03:39:45.160Z","before":[{"result":{"duration":57024783200,"status":"passed"},"match":{"location":"stepDef.Hooks.beforeTest()"}}],"line":200,"name":"User can fill all form for to buy product","description":"","id":"final-project-web-testing-https://www.demoblaze.com/;user-can-fill-all-form-for-to-buy-product","after":[{"result":{"error_message":"org.openqa.selenium.WebDriverException: Timed out waiting for driver server to shutdown.\nBuild info: version: '4.17.0', revision: 'e52b1be057*'\nSystem info: os.name: 'Windows 11', os.arch: 'amd64', os.version: '10.0', java.version: '17.0.9'\nDriver info: org.openqa.selenium.chrome.ChromeDriver\nCommand: [be3d77b776f6b9a9f10f895df5ea830f, quit {}]\nCapabilities {acceptInsecureCerts: false, browserName: chrome-headless-shell, browserVersion: 125.0.6422.114, chrome: {chromedriverVersion: 125.0.6422.141 (4b1e8393712..., userDataDir: C:\\Users\\kika\\AppData\\Local...}, fedcm:accounts: true, goog:chromeOptions: {debuggerAddress: localhost:56615}, networkConnectionEnabled: false, pageLoadStrategy: normal, platformName: windows, proxy: Proxy(), se:cdp: ws://localhost:56615/devtoo..., se:cdpVersion: 125.0.6422.114, setWindowRect: true, strictFileInteractability: false, timeouts: {implicit: 0, pageLoad: 300000, script: 30000}, unhandledPromptBehavior: dismiss and notify, webauthn:extension:credBlob: true, webauthn:extension:largeBlob: true, webauthn:extension:minPinLength: true, webauthn:extension:prf: true, webauthn:virtualAuthenticators: true}\nSession ID: be3d77b776f6b9a9f10f895df5ea830f\r\n\tat org.openqa.selenium.remote.service.DriverService.stop(DriverService.java:304)\r\n\tat org.openqa.selenium.remote.service.DriverCommandExecutor.execute(DriverCommandExecutor.java:161)\r\n\tat org.openqa.selenium.remote.RemoteWebDriver.execute(RemoteWebDriver.java:519)\r\n\tat org.openqa.selenium.remote.RemoteWebDriver.execute(RemoteWebDriver.java:592)\r\n\tat org.openqa.selenium.remote.RemoteWebDriver.execute(RemoteWebDriver.java:596)\r\n\tat org.openqa.selenium.remote.RemoteWebDriver.quit(RemoteWebDriver.java:434)\r\n\tat org.openqa.selenium.chromium.ChromiumDriver.quit(ChromiumDriver.java:432)\r\n\tat helper.Utility.closeDriver(Utility.java:32)\r\n\tat stepDef.Hooks.afterTest(Hooks.java:15)\r\nCaused by: org.openqa.selenium.net.UrlChecker$TimeoutException: Timed out waiting for http://localhost:17080/shutdown to become unavailable after 3015 ms\r\n\tat org.openqa.selenium.net.UrlChecker.waitUntilUnavailable(UrlChecker.java:140)\r\n\tat org.openqa.selenium.remote.service.DriverService.stop(DriverService.java:300)\r\n\tat org.openqa.selenium.remote.service.DriverCommandExecutor.execute(DriverCommandExecutor.java:161)\r\n\tat org.openqa.selenium.remote.RemoteWebDriver.execute(RemoteWebDriver.java:519)\r\n\tat org.openqa.selenium.remote.RemoteWebDriver.execute(RemoteWebDriver.java:592)\r\n\tat org.openqa.selenium.remote.RemoteWebDriver.execute(RemoteWebDriver.java:596)\r\n\tat org.openqa.selenium.remote.RemoteWebDriver.quit(RemoteWebDriver.java:434)\r\n\tat org.openqa.selenium.chromium.ChromiumDriver.quit(ChromiumDriver.java:432)\r\n\tat helper.Utility.closeDriver(Utility.java:32)\r\n\tat stepDef.Hooks.afterTest(Hooks.java:15)\r\n\tat jdk.internal.reflect.GeneratedMethodAccessor113.invoke(Unknown Source)\r\n\tat java.base/jdk.internal.reflect.DelegatingMethodAccessorImpl.invoke(DelegatingMethodAccessorImpl.java:43)\r\n\tat java.base/java.lang.reflect.Method.invoke(Method.java:568)\r\n\tat io.cucumber.java.Invoker.doInvoke(Invoker.java:66)\r\n\tat io.cucumber.java.Invoker.invoke(Invoker.java:24)\r\n\tat io.cucumber.java.AbstractGlueDefinition.invokeMethod(AbstractGlueDefinition.java:47)\r\n\tat io.cucumber.java.JavaHookDefinition.execute(JavaHookDefinition.java:64)\r\n\tat io.cucumber.core.runner.CoreHookDefinition.execute(CoreHookDefinition.java:46)\r\n\tat io.cucumber.core.runner.HookDefinitionMatch.runStep(HookDefinitionMatch.java:21)\r\n\tat io.cucumber.core.runner.ExecutionMode$1.execute(ExecutionMode.java:10)\r\n\tat io.cucumber.core.runner.TestStep.executeStep(TestStep.java:84)\r\n\tat io.cucumber.core.runner.TestStep.run(TestStep.java:56)\r\n\tat io.cucumber.core.runner.TestCase.run(TestCase.java:90)\r\n\tat io.cucumber.core.runner.Runner.runPickle(Runner.java:75)\r\n\tat io.cucumber.junit.PickleRunners$NoStepDescriptions.lambda$run$0(PickleRunners.java:151)\r\n\tat io.cucumber.core.runtime.CucumberExecutionContext.lambda$runTestCase$5(CucumberExecutionContext.java:137)\r\n\tat io.cucumber.core.runtime.RethrowingThrowableCollector.executeAndThrow(RethrowingThrowableCollector.java:23)\r\n\tat io.cucumber.core.runtime.CucumberExecutionContext.runTestCase(CucumberExecutionContext.java:137)\r\n\tat io.cucumber.junit.PickleRunners$NoStepDescriptions.run(PickleRunners.java:148)\r\n\tat io.cucumber.junit.FeatureRunner.runChild(FeatureRunner.java:144)\r\n\tat io.cucumber.junit.FeatureRunner.runChild(FeatureRunner.java:28)\r\n\tat org.junit.runners.ParentRunner$4.run(ParentRunner.java:331)\r\n\tat org.junit.runners.ParentRunner$1.schedule(ParentRunner.java:79)\r\n\tat org.junit.runners.ParentRunner.runChildren(ParentRunner.java:329)\r\n\tat org.junit.runners.ParentRunner.access$100(ParentRunner.java:66)\r\n\tat org.junit.runners.ParentRunner$2.evaluate(ParentRunner.java:293)\r\n\tat org.junit.runners.ParentRunner$3.evaluate(ParentRunner.java:306)\r\n\tat org.junit.runners.ParentRunner.run(ParentRunner.java:413)\r\n\tat io.cucumber.junit.FeatureRunner.run(FeatureRunner.java:137)\r\n\tat io.cucumber.junit.Cucumber.runChild(Cucumber.java:196)\r\n\tat io.cucumber.junit.Cucumber.runChild(Cucumber.java:89)\r\n\tat org.junit.runners.ParentRunner$4.run(ParentRunner.java:331)\r\n\tat org.junit.runners.ParentRunner$1.schedule(ParentRunner.java:79)\r\n\tat org.junit.runners.ParentRunner.runChildren(ParentRunner.java:329)\r\n\tat org.junit.runners.ParentRunner.access$100(ParentRunner.java:66)\r\n\tat org.junit.runners.ParentRunner$2.evaluate(ParentRunner.java:293)\r\n\tat io.cucumber.core.runtime.CucumberExecutionContext.lambda$runFeatures$6(CucumberExecutionContext.java:148)\r\n\tat io.cucumber.core.runtime.CucumberExecutionContext.execute(CucumberExecutionContext.java:163)\r\n\tat io.cucumber.core.runtime.CucumberExecutionContext.runFeatures(CucumberExecutionContext.java:146)\r\n\tat io.cucumber.junit.Cucumber$StartAndFinishTestRun.evaluate(Cucumber.java:226)\r\n\tat org.junit.runners.ParentRunner$3.evaluate(ParentRunner.java:306)\r\n\tat org.junit.runners.ParentRunner.run(ParentRunner.java:413)\r\n\tat org.junit.runner.JUnitCore.run(JUnitCore.java:137)\r\n\tat org.junit.runner.JUnitCore.run(JUnitCore.java:115)\r\n\tat org.junit.vintage.engine.execution.RunnerExecutor.execute(RunnerExecutor.java:42)\r\n\tat org.junit.vintage.engine.VintageTestEngine.executeAllChildren(VintageTestEngine.java:80)\r\n\tat org.junit.vintage.engine.VintageTestEngine.execute(VintageTestEngine.java:72)\r\n\tat org.junit.platform.launcher.core.EngineExecutionOrchestrator.execute(EngineExecutionOrchestrator.java:107)\r\n\tat org.junit.platform.launcher.core.EngineExecutionOrchestrator.execute(EngineExecutionOrchestrator.java:88)\r\n\tat org.junit.platform.launcher.core.EngineExecutionOrchestrator.lambda$execute$0(EngineExecutionOrchestrator.java:54)\r\n\tat org.junit.platform.launcher.core.EngineExecutionOrchestrator.withInterceptedStreams(EngineExecutionOrchestrator.java:67)\r\n\tat org.junit.platform.launcher.core.EngineExecutionOrchestrator.execute(EngineExecutionOrchestrator.java:52)\r\n\tat org.junit.platform.launcher.core.DefaultLauncher.execute(DefaultLauncher.java:114)\r\n\tat org.junit.platform.launcher.core.DefaultLauncher.execute(DefaultLauncher.java:86)\r\n\tat org.junit.platform.launcher.core.DefaultLauncherSession$DelegatingLauncher.execute(DefaultLauncherSession.java:86)\r\n\tat org.gradle.api.internal.tasks.testing.junitplatform.JUnitPlatformTestClassProcessor$CollectAllTestClassesExecutor.processAllTestClasses(JUnitPlatformTestClassProcessor.java:119)\r\n\tat org.gradle.api.internal.tasks.testing.junitplatform.JUnitPlatformTestClassProcessor$CollectAllTestClassesExecutor.access$000(JUnitPlatformTestClassProcessor.java:94)\r\n\tat org.gradle.api.internal.tasks.testing.junitplatform.JUnitPlatformTestClassProcessor.stop(JUnitPlatformTestClassProcessor.java:89)\r\n\tat org.gradle.api.internal.tasks.testing.SuiteTestClassProcessor.stop(SuiteTestClassProcessor.java:62)\r\n\tat java.base/jdk.internal.reflect.NativeMethodAccessorImpl.invoke0(Native Method)\r\n\tat java.base/jdk.internal.reflect.NativeMethodAccessorImpl.invoke(NativeMethodAccessorImpl.java:77)\r\n\tat java.base/jdk.internal.reflect.DelegatingMethodAccessorImpl.invoke(DelegatingMethodAccessorImpl.java:43)\r\n\tat java.base/java.lang.reflect.Method.invoke(Method.java:568)\r\n\tat org.gradle.internal.dispatch.ReflectionDispatch.dispatch(ReflectionDispatch.java:36)\r\n\tat org.gradle.internal.dispatch.ReflectionDispatch.dispatch(ReflectionDispatch.java:24)\r\n\tat org.gradle.internal.dispatch.ContextClassLoaderDispatch.dispatch(ContextClassLoaderDispatch.java:33)\r\n\tat org.gradle.internal.dispatch.ProxyDispatchAdapter$DispatchingInvocationHandler.invoke(ProxyDispatchAdapter.java:94)\r\n\tat jdk.proxy1/jdk.proxy1.$Proxy2.stop(Unknown Source)\r\n\tat org.gradle.api.internal.tasks.testing.worker.TestWorker$3.run(TestWorker.java:193)\r\n\tat org.gradle.api.internal.tasks.testing.worker.TestWorker.executeAndMaintainThreadName(TestWorker.java:129)\r\n\tat org.gradle.api.internal.tasks.testing.worker.TestWorker.execute(TestWorker.java:100)\r\n\tat org.gradle.api.internal.tasks.testing.worker.TestWorker.execute(TestWorker.java:60)\r\n\tat org.gradle.process.internal.worker.child.ActionExecutionWorker.execute(ActionExecutionWorker.java:56)\r\n\tat org.gradle.process.internal.worker.child.SystemApplicationClassLoaderWorker.call(SystemApplicationClassLoaderWorker.java:113)\r\n\tat org.gradle.process.internal.worker.child.SystemApplicationClassLoaderWorker.call(SystemApplicationClassLoaderWorker.java:65)\r\n\tat worker.org.gradle.process.internal.worker.GradleWorkerMain.run(GradleWorkerMain.java:69)\r\n\tat worker.org.gradle.process.internal.worker.GradleWorkerMain.main(GradleWorkerMain.java:74)\r\nCaused by: java.util.concurrent.TimeoutException\r\n\tat java.base/java.util.concurrent.FutureTask.get(FutureTask.java:204)\r\n\tat org.openqa.selenium.net.UrlChecker.waitUntilUnavailable(UrlChecker.java:137)\r\n\t... 86 more\r\n","duration":32862508600,"status":"failed"},"match":{"location":"stepDef.Hooks.afterTest()"}}],"type":"scenario","keyword":"Scenario","steps":[{"result":{"duration":33011105900,"status":"passed"},"line":201,"name":"Open link PRODUCT STORE","match":{"location":"stepDef.WebStep.openLinkPRODUCTSTORE()"},"keyword":"Given "},{"result":{"error_message":"org.openqa.selenium.NoSuchElementException: no such element: Unable to locate element: {\"method\":\"xpath\",\"selector\":\"//*[@id=\"tbodyid\"]/div[1]/div/div/h4/a\"}\n  (Session info: chrome-headless-shell=125.0.6422.114)\nFor documentation on this error, please visit: https://www.selenium.dev/documentation/webdriver/troubleshooting/errors#no-such-element-exception\nBuild info: version: '4.17.0', revision: 'e52b1be057*'\nSystem info: os.name: 'Windows 11', os.arch: 'amd64', os.version: '10.0', java.version: '17.0.9'\nDriver info: org.openqa.selenium.chrome.ChromeDriver\nCommand: [be3d77b776f6b9a9f10f895df5ea830f, findElement {value=//*[@id=\"tbodyid\"]/div[1]/div/div/h4/a, using=xpath}]\nCapabilities {acceptInsecureCerts: false, browserName: chrome-headless-shell, browserVersion: 125.0.6422.114, chrome: {chromedriverVersion: 125.0.6422.141 (4b1e8393712..., userDataDir: C:\\Users\\kika\\AppData\\Local...}, fedcm:accounts: true, goog:chromeOptions: {debuggerAddress: localhost:56615}, networkConnectionEnabled: false, pageLoadStrategy: normal, platformName: windows, proxy: Proxy(), se:cdp: ws://localhost:56615/devtoo..., se:cdpVersion: 125.0.6422.114, setWindowRect: true, strictFileInteractability: false, timeouts: {implicit: 0, pageLoad: 300000, script: 30000}, unhandledPromptBehavior: dismiss and notify, webauthn:extension:credBlob: true, webauthn:extension:largeBlob: true, webauthn:extension:minPinLength: true, webauthn:extension:prf: true, webauthn:virtualAuthenticators: true}\nSession ID: be3d77b776f6b9a9f10f895df5ea830f\r\n\tat java.base/jdk.internal.reflect.NativeConstructorAccessorImpl.newInstance0(Native Method)\r\n\tat java.base/jdk.internal.reflect.NativeConstructorAccessorImpl.newInstance(NativeConstructorAccessorImpl.java:77)\r\n\tat java.base/jdk.internal.reflect.DelegatingConstructorAccessorImpl.newInstance(DelegatingConstructorAccessorImpl.java:45)\r\n\tat java.base/java.lang.reflect.Constructor.newInstanceWithCaller(Constructor.java:499)\r\n\tat java.base/java.lang.reflect.Constructor.newInstance(Constructor.java:480)\r\n\tat org.openqa.selenium.remote.codec.w3c.W3CHttpResponseCodec.createException(W3CHttpResponseCodec.java:185)\r\n\tat org.openqa.selenium.remote.codec.w3c.W3CHttpResponseCodec.decode(W3CHttpResponseCodec.java:134)\r\n\tat org.openqa.selenium.remote.codec.w3c.W3CHttpResponseCodec.decode(W3CHttpResponseCodec.java:51)\r\n\tat org.openqa.selenium.remote.HttpCommandExecutor.execute(HttpCommandExecutor.java:190)\r\n\tat org.openqa.selenium.remote.service.DriverCommandExecutor.invokeExecute(DriverCommandExecutor.java:216)\r\n\tat org.openqa.selenium.remote.service.DriverCommandExecutor.execute(DriverCommandExecutor.java:174)\r\n\tat org.openqa.selenium.remote.RemoteWebDriver.execute(RemoteWebDriver.java:519)\r\n\tat org.openqa.selenium.remote.ElementLocation$ElementFinder$2.findElement(ElementLocation.java:165)\r\n\tat org.openqa.selenium.remote.ElementLocation.findElement(ElementLocation.java:59)\r\n\tat org.openqa.selenium.remote.RemoteWebDriver.findElement(RemoteWebDriver.java:356)\r\n\tat org.openqa.selenium.remote.RemoteWebDriver.findElement(RemoteWebDriver.java:350)\r\n\tat pages.WebPage.clickTitleProduct(WebPage.java:161)\r\n\tat stepDef.WebStep.clickTitleProduct(WebStep.java:142)\r\n\tat ✽.Click title product(file:///C:/Users/kika/OneDrive/Desktop/Java/FinalProject3/src/test/java/features/web.feature:202)\r\n","duration":3075746900,"status":"failed"},"line":202,"name":"Click title product","match":{"location":"stepDef.WebStep.clickTitleProduct()"},"keyword":"And "},{"result":{"status":"skipped"},"line":203,"name":"Click Button Add to Cart","match":{"location":"stepDef.WebStep.clickButtonAddToCart()"},"keyword":"And "},{"result":{"status":"skipped"},"line":204,"name":"Will show alert \"Product added\"","match":{"arguments":[{"val":"\"Product added\"","offset":16}],"location":"stepDef.WebStep.willShowAlert(java.lang.String)"},"keyword":"And "},{"result":{"status":"skipped"},"line":205,"name":"Click Nav Cart","match":{"location":"stepDef.WebStep.clickNavCart()"},"keyword":"And "},{"result":{"status":"skipped"},"line":206,"name":"Click button Place Order","match":{"location":"stepDef.WebStep.clickButtonPlaceOrder()"},"keyword":"And "},{"result":{"status":"skipped"},"line":207,"name":"Fill Name \"Kika\"","match":{"arguments":[{"val":"\"Kika\"","offset":10}],"location":"stepDef.WebStep.fillName(java.lang.String)"},"keyword":"And "},{"result":{"status":"skipped"},"line":208,"name":"Fill County \"Indonesia\"","match":{"arguments":[{"val":"\"Indonesia\"","offset":12}],"location":"stepDef.WebStep.fillCounty(java.lang.String)"},"keyword":"And "},{"result":{"status":"skipped"},"line":209,"name":"Fill City \"Jakarta\"","match":{"arguments":[{"val":"\"Jakarta\"","offset":10}],"location":"stepDef.WebStep.fillCity(java.lang.String)"},"keyword":"And "},{"result":{"status":"skipped"},"line":210,"name":"Fill Credit card \"12345676\"","match":{"arguments":[{"val":"\"12345676\"","offset":17}],"location":"stepDef.WebStep.fillCreditCard(java.lang.String)"},"keyword":"And "},{"result":{"status":"skipped"},"line":211,"name":"Fill Month \"10\"","match":{"arguments":[{"val":"\"10\"","offset":11}],"location":"stepDef.WebStep.fillMonth(java.lang.String)"},"keyword":"And "},{"result":{"status":"skipped"},"line":212,"name":"Fill year \"2024\"","match":{"arguments":[{"val":"\"2024\"","offset":10}],"location":"stepDef.WebStep.fillYear(java.lang.String)"},"keyword":"And "},{"result":{"status":"skipped"},"line":213,"name":"Click button Purchase","match":{"location":"stepDef.WebStep.clickButtonPurchase()"},"keyword":"And "},{"result":{"status":"skipped"},"line":214,"name":"Will show Thank you for your purchase!","match":{"location":"stepDef.WebStep.willShowThankYouForYourPurchase()"},"keyword":"Then "},{"result":{"status":"skipped"},"line":215,"name":"Can click oke","match":{"location":"stepDef.WebStep.canClickOke()"},"keyword":"Then "}],"tags":[{"name":"@web"}]}],"name":"Final Project Web Testing https://www.demoblaze.com/","description":"","id":"final-project-web-testing-https://www.demoblaze.com/","keyword":"Feature","uri":"file:src/test/java/features/web.feature","tags":[]}]